

[INFO ] 2025-10-23 20:56:19,617 method:org.springframework.web.context.ContextLoader.initWebApplicationContext(ContextLoader.java:307)
Root WebApplicationContext: initialization started


[INFO ] 2025-10-23 20:56:19,830 method:org.springframework.context.support.AbstractApplicationContext.prepareRefresh(AbstractApplicationContext.java:578)
Refreshing Root WebApplicationContext: startup date [Thu Oct 23 20:56:19 CST 2025]; root of context hierarchy


[INFO ] 2025-10-23 20:56:19,975 method:org.springframework.beans.factory.xml.XmlBeanDefinitionReader.loadBeanDefinitions(XmlBeanDefinitionReader.java:317)
Loading XML bean definitions from file [C:\Users\Administrator\Desktop\HRsc\hrsc126_manager_provider\hrsc126_manager_service\target\classes\spring\applicationContext-dao.xml]


[INFO ] 2025-10-23 20:56:21,157 method:org.springframework.beans.factory.xml.XmlBeanDefinitionReader.loadBeanDefinitions(XmlBeanDefinitionReader.java:317)
Loading XML bean definitions from file [C:\Users\Administrator\Desktop\HRsc\hrsc126_manager_provider\hrsc126_manager_service\target\classes\spring\applicationContext-service.xml]


[INFO ] 2025-10-23 20:56:21,505 method:
using logger: com.alibaba.dubbo.common.logger.log4j.Log4jLoggerAdapter


[INFO ] 2025-10-23 20:56:21,555 method:org.springframework.beans.factory.xml.XmlBeanDefinitionReader.loadBeanDefinitions(XmlBeanDefinitionReader.java:317)
Loading XML bean definitions from file [C:\Users\Administrator\Desktop\HRsc\hrsc126_manager_provider\hrsc126_manager_service\target\classes\spring\applicationContext-trans.xml]


[INFO ] 2025-10-23 20:56:25,013 method:org.springframework.core.io.support.PropertiesLoaderSupport.loadProperties(PropertiesLoaderSupport.java:172)
Loading properties file from class path resource [conf/db.properties]


[INFO ] 2025-10-23 20:56:25,236 method:org.springframework.beans.factory.annotation.AutowiredAnnotationBeanPostProcessor.<init>(AutowiredAnnotationBeanPostProcessor.java:153)
JSR-330 'javax.inject.Inject' annotation found and supported for autowiring


[INFO ] 2025-10-23 20:56:42,927 method:com.alibaba.dubbo.config.spring.ServiceBean.onApplicationEvent(ServiceBean.java:107)
 [DUBBO] The service ready on spring started. service: com.huarui.manager.service.TbItemServicr, dubbo version: 2.5.3, current host: 127.0.0.1


[INFO ] 2025-10-23 20:56:44,377 method:com.alibaba.dubbo.config.ServiceConfig.exportLocal(ServiceConfig.java:510)
 [DUBBO] Export dubbo service com.huarui.manager.service.TbItemServicr to local registry, dubbo version: 2.5.3, current host: 127.0.0.1


[INFO ] 2025-10-23 20:56:44,378 method:com.alibaba.dubbo.config.ServiceConfig.doExportUrlsFor1Protocol(ServiceConfig.java:470)
 [DUBBO] Export dubbo service com.huarui.manager.service.TbItemServicr to url dubbo://169.254.133.98:20880/com.huarui.manager.service.TbItemServicr?anyhost=true&application=hrsc126-manager&dubbo=2.5.3&interface=com.huarui.manager.service.TbItemServicr&methods=testfindall&pid=11840&side=provider&timeout=600000&timestamp=1761224204250, dubbo version: 2.5.3, current host: 127.0.0.1


[INFO ] 2025-10-23 20:56:44,378 method:com.alibaba.dubbo.config.ServiceConfig.doExportUrlsFor1Protocol(ServiceConfig.java:481)
 [DUBBO] Register dubbo service com.huarui.manager.service.TbItemServicr url dubbo://169.254.133.98:20880/com.huarui.manager.service.TbItemServicr?anyhost=true&application=hrsc126-manager&dubbo=2.5.3&interface=com.huarui.manager.service.TbItemServicr&methods=testfindall&pid=11840&side=provider&timeout=600000&timestamp=1761224204250 to registry registry://192.168.25.129:2181/com.alibaba.dubbo.registry.RegistryService?application=hrsc126-manager&dubbo=2.5.3&pid=11840&registry=zookeeper&timestamp=1761224202944, dubbo version: 2.5.3, current host: 127.0.0.1


[INFO ] 2025-10-23 20:56:54,594 method:com.alibaba.dubbo.remoting.transport.AbstractServer.<init>(AbstractServer.java:69)
 [DUBBO] Start NettyServer bind /0.0.0.0:20880, export /169.254.133.98:20880, dubbo version: 2.5.3, current host: 127.0.0.1


[INFO ] 2025-10-23 20:56:55,163 method:com.alibaba.dubbo.registry.support.AbstractRegistry.loadProperties(AbstractRegistry.java:232)
 [DUBBO] Load registry store file C:\Users\Administrator\.dubbo\dubbo-registry-192.168.25.129.cache, data: {com.huarui.provider.service.UsersSerivce=empty://169.254.133.98/com.huarui.provider.service.UsersSerivce?application=my126dubbo01_c&category=configurators&default.check=false&dubbo=2.5.3&interface=com.huarui.provider.service.UsersSerivce&methods=findall&pid=8100&revision=1.0-SNAPSHOT&side=consumer&timestamp=1760707901547 empty://169.254.133.98/com.huarui.provider.service.UsersSerivce?application=my126dubbo01_c&category=routers&default.check=false&dubbo=2.5.3&interface=com.huarui.provider.service.UsersSerivce&methods=findall&pid=8100&revision=1.0-SNAPSHOT&side=consumer&timestamp=1760707901547 dubbo://169.254.133.98:20884/com.huarui.provider.service.UsersSerivce?anyhost=true&application=dubbo12601_p&dubbo=2.5.3&interface=com.huarui.provider.service.UsersSerivce&methods=findall&pid=6980&side=provider&timeout=600000&timestamp=1760705635639}, dubbo version: 2.5.3, current host: 127.0.0.1


[INFO ] 2025-10-23 20:56:55,532 method:org.I0Itec.zkclient.ZkEventThread.run(ZkEventThread.java:64)
Starting ZkClient event thread.


[INFO ] 2025-10-23 20:56:56,684 method:org.apache.zookeeper.Environment.logEnv(Environment.java:100)
Client environment:zookeeper.version=3.4.7-1713338, built on 11/09/2015 04:32 GMT


[INFO ] 2025-10-23 20:56:56,685 method:org.apache.zookeeper.Environment.logEnv(Environment.java:100)
Client environment:host.name=DS-20170427LICE


[INFO ] 2025-10-23 20:56:56,687 method:org.apache.zookeeper.Environment.logEnv(Environment.java:100)
Client environment:java.version=1.8.0_131


[INFO ] 2025-10-23 20:56:56,687 method:org.apache.zookeeper.Environment.logEnv(Environment.java:100)
Client environment:java.vendor=Oracle Corporation


[INFO ] 2025-10-23 20:56:56,688 method:org.apache.zookeeper.Environment.logEnv(Environment.java:100)
Client environment:java.home=C:\Program Files\Java\jdk1.8.0_131\jre


[INFO ] 2025-10-23 20:56:56,688 method:org.apache.zookeeper.Environment.logEnv(Environment.java:100)
Client environment:java.class.path=E:\my126\apache-maven-3.3.9-bin\apache-maven-3.3.9\boot\plexus-classworlds-2.5.2.jar;D:\IntelliJ IDEA 15.0.6\lib\idea_rt.jar


[INFO ] 2025-10-23 20:56:56,689 method:org.apache.zookeeper.Environment.logEnv(Environment.java:100)
Client environment:java.library.path=C:\Program Files\Java\jdk1.8.0_131\bin;C:\Windows\Sun\Java\bin;C:\Windows\system32;C:\Windows;C:\Program Files\Java\jdk1.8.0_131\bin;C:\Program Files\Java\jdk1.8.0_131\jre\bin;C:\ProgramData\Oracle\Java\javapath;C:\oracle\product\10.2.0\db_1\bin;C:\Windows\system32;C:\Windows;C:\Windows\System32\Wbem;F:\工具\androidtool\tools\adt-bundle-windows-x86_64-20140702\sdk\platform-tools;%;YSTEMROOT%\System32\WindowsPowerShell\v1.0\;C:\Program Files\MySQL\MySQL Utilities 1.6\;%MAVEN_HOME%\bin;C:\Program Files\Git\cmd;.


[INFO ] 2025-10-23 20:56:56,689 method:org.apache.zookeeper.Environment.logEnv(Environment.java:100)
Client environment:java.io.tmpdir=C:\Users\ADMINI~1\AppData\Local\Temp\


[INFO ] 2025-10-23 20:56:56,690 method:org.apache.zookeeper.Environment.logEnv(Environment.java:100)
Client environment:java.compiler=<NA>


[INFO ] 2025-10-23 20:56:56,690 method:org.apache.zookeeper.Environment.logEnv(Environment.java:100)
Client environment:os.name=Windows 7


[INFO ] 2025-10-23 20:56:56,690 method:org.apache.zookeeper.Environment.logEnv(Environment.java:100)
Client environment:os.arch=amd64


[INFO ] 2025-10-23 20:56:56,691 method:org.apache.zookeeper.Environment.logEnv(Environment.java:100)
Client environment:os.version=6.1


[INFO ] 2025-10-23 20:56:56,692 method:org.apache.zookeeper.Environment.logEnv(Environment.java:100)
Client environment:user.name=Administrator


[INFO ] 2025-10-23 20:56:56,693 method:org.apache.zookeeper.Environment.logEnv(Environment.java:100)
Client environment:user.home=C:\Users\Administrator


[INFO ] 2025-10-23 20:56:56,693 method:org.apache.zookeeper.Environment.logEnv(Environment.java:100)
Client environment:user.dir=C:\Users\Administrator\Desktop\HRsc\hrsc126_manager_provider


[INFO ] 2025-10-23 20:56:56,696 method:org.apache.zookeeper.ZooKeeper.<init>(ZooKeeper.java:438)
Initiating client connection, connectString=192.168.25.129:2181 sessionTimeout=30000 watcher=org.I0Itec.zkclient.ZkClient@1d0897d2


[INFO ] 2025-10-23 20:56:57,283 method:org.apache.zookeeper.ClientCnxn$SendThread.logStartConnect(ClientCnxn.java:1032)
Opening socket connection to server 192.168.25.129/192.168.25.129:2181. Will not attempt to authenticate using SASL (unknown error)


[INFO ] 2025-10-23 20:56:57,287 method:org.apache.zookeeper.ClientCnxn$SendThread.primeConnection(ClientCnxn.java:876)
Socket connection established to 192.168.25.129/192.168.25.129:2181, initiating session


[INFO ] 2025-10-23 20:56:57,443 method:org.apache.zookeeper.ClientCnxn$SendThread.onConnected(ClientCnxn.java:1299)
Session establishment complete on server 192.168.25.129/192.168.25.129:2181, sessionid = 0x19a12d49d5b0001, negotiated timeout = 30000


[INFO ] 2025-10-23 20:56:57,447 method:org.I0Itec.zkclient.ZkClient.processStateChanged(ZkClient.java:449)
zookeeper state changed (SyncConnected)


[INFO ] 2025-10-23 20:56:57,453 method:com.alibaba.dubbo.registry.support.AbstractRegistry.register(AbstractRegistry.java:302)
 [DUBBO] Register: dubbo://169.254.133.98:20880/com.huarui.manager.service.TbItemServicr?anyhost=true&application=hrsc126-manager&dubbo=2.5.3&interface=com.huarui.manager.service.TbItemServicr&methods=testfindall&pid=11840&side=provider&timeout=600000&timestamp=1761224204250, dubbo version: 2.5.3, current host: 127.0.0.1


[INFO ] 2025-10-23 20:56:58,680 method:com.alibaba.dubbo.registry.support.AbstractRegistry.subscribe(AbstractRegistry.java:325)
 [DUBBO] Subscribe: provider://169.254.133.98:20880/com.huarui.manager.service.TbItemServicr?anyhost=true&application=hrsc126-manager&category=configurators&check=false&dubbo=2.5.3&interface=com.huarui.manager.service.TbItemServicr&methods=testfindall&pid=11840&side=provider&timeout=600000&timestamp=1761224204250, dubbo version: 2.5.3, current host: 127.0.0.1


[INFO ] 2025-10-23 20:57:00,212 method:com.alibaba.dubbo.registry.support.AbstractRegistry.notify(AbstractRegistry.java:422)
 [DUBBO] Notify urls for subscribe url provider://169.254.133.98:20880/com.huarui.manager.service.TbItemServicr?anyhost=true&application=hrsc126-manager&category=configurators&check=false&dubbo=2.5.3&interface=com.huarui.manager.service.TbItemServicr&methods=testfindall&pid=11840&side=provider&timeout=600000&timestamp=1761224204250, urls: [empty://169.254.133.98:20880/com.huarui.manager.service.TbItemServicr?anyhost=true&application=hrsc126-manager&category=configurators&check=false&dubbo=2.5.3&interface=com.huarui.manager.service.TbItemServicr&methods=testfindall&pid=11840&side=provider&timeout=600000&timestamp=1761224204250], dubbo version: 2.5.3, current host: 127.0.0.1


[INFO ] 2025-10-23 20:57:00,255 method:org.springframework.web.context.ContextLoader.initWebApplicationContext(ContextLoader.java:347)
Root WebApplicationContext: initialization completed in 40634 ms


[INFO ] 2025-10-23 20:58:21,652 method:org.springframework.web.context.ContextLoader.initWebApplicationContext(ContextLoader.java:307)
Root WebApplicationContext: initialization started


[INFO ] 2025-10-23 20:58:21,829 method:org.springframework.context.support.AbstractApplicationContext.prepareRefresh(AbstractApplicationContext.java:578)
Refreshing Root WebApplicationContext: startup date [Thu Oct 23 20:58:21 CST 2025]; root of context hierarchy


[INFO ] 2025-10-23 20:58:21,923 method:org.springframework.beans.factory.xml.XmlBeanDefinitionReader.loadBeanDefinitions(XmlBeanDefinitionReader.java:317)
Loading XML bean definitions from file [C:\Users\Administrator\Desktop\HRsc\hrsc126_manager_provider\hrsc126_manager_service\target\classes\spring\applicationContext-dao.xml]


[INFO ] 2025-10-23 20:58:22,193 method:org.springframework.beans.factory.xml.XmlBeanDefinitionReader.loadBeanDefinitions(XmlBeanDefinitionReader.java:317)
Loading XML bean definitions from file [C:\Users\Administrator\Desktop\HRsc\hrsc126_manager_provider\hrsc126_manager_service\target\classes\spring\applicationContext-service.xml]


[INFO ] 2025-10-23 20:58:22,392 method:
using logger: com.alibaba.dubbo.common.logger.log4j.Log4jLoggerAdapter


[INFO ] 2025-10-23 20:58:22,444 method:org.springframework.beans.factory.xml.XmlBeanDefinitionReader.loadBeanDefinitions(XmlBeanDefinitionReader.java:317)
Loading XML bean definitions from file [C:\Users\Administrator\Desktop\HRsc\hrsc126_manager_provider\hrsc126_manager_service\target\classes\spring\applicationContext-trans.xml]


[INFO ] 2025-10-23 20:58:22,840 method:org.springframework.core.io.support.PropertiesLoaderSupport.loadProperties(PropertiesLoaderSupport.java:172)
Loading properties file from class path resource [conf/db.properties]


[INFO ] 2025-10-23 20:58:22,859 method:org.springframework.beans.factory.annotation.AutowiredAnnotationBeanPostProcessor.<init>(AutowiredAnnotationBeanPostProcessor.java:153)
JSR-330 'javax.inject.Inject' annotation found and supported for autowiring


[INFO ] 2025-10-23 20:58:24,655 method:com.alibaba.dubbo.config.spring.ServiceBean.onApplicationEvent(ServiceBean.java:107)
 [DUBBO] The service ready on spring started. service: com.huarui.manager.service.TbItemServicr, dubbo version: 2.5.3, current host: 127.0.0.1


[INFO ] 2025-10-23 20:58:25,530 method:com.alibaba.dubbo.config.ServiceConfig.exportLocal(ServiceConfig.java:510)
 [DUBBO] Export dubbo service com.huarui.manager.service.TbItemServicr to local registry, dubbo version: 2.5.3, current host: 127.0.0.1


[INFO ] 2025-10-23 20:58:25,531 method:com.alibaba.dubbo.config.ServiceConfig.doExportUrlsFor1Protocol(ServiceConfig.java:470)
 [DUBBO] Export dubbo service com.huarui.manager.service.TbItemServicr to url dubbo://169.254.133.98:20880/com.huarui.manager.service.TbItemServicr?anyhost=true&application=hrsc126-manager&dubbo=2.5.3&interface=com.huarui.manager.service.TbItemServicr&methods=testfindall&pid=11136&side=provider&timeout=600000&timestamp=1761224304700, dubbo version: 2.5.3, current host: 127.0.0.1


[INFO ] 2025-10-23 20:58:25,532 method:com.alibaba.dubbo.config.ServiceConfig.doExportUrlsFor1Protocol(ServiceConfig.java:481)
 [DUBBO] Register dubbo service com.huarui.manager.service.TbItemServicr url dubbo://169.254.133.98:20880/com.huarui.manager.service.TbItemServicr?anyhost=true&application=hrsc126-manager&dubbo=2.5.3&interface=com.huarui.manager.service.TbItemServicr&methods=testfindall&pid=11136&side=provider&timeout=600000&timestamp=1761224304700 to registry registry://192.168.25.129:2181/com.alibaba.dubbo.registry.RegistryService?application=hrsc126-manager&dubbo=2.5.3&pid=11136&registry=zookeeper&timestamp=1761224304674, dubbo version: 2.5.3, current host: 127.0.0.1


[INFO ] 2025-10-23 20:58:25,847 method:com.alibaba.dubbo.remoting.transport.AbstractServer.<init>(AbstractServer.java:69)
 [DUBBO] Start NettyServer bind /0.0.0.0:20880, export /169.254.133.98:20880, dubbo version: 2.5.3, current host: 127.0.0.1


[INFO ] 2025-10-23 20:58:25,887 method:com.alibaba.dubbo.registry.support.AbstractRegistry.loadProperties(AbstractRegistry.java:232)
 [DUBBO] Load registry store file C:\Users\Administrator\.dubbo\dubbo-registry-192.168.25.129.cache, data: {com.huarui.provider.service.UsersSerivce=empty://169.254.133.98/com.huarui.provider.service.UsersSerivce?application=my126dubbo01_c&category=configurators&default.check=false&dubbo=2.5.3&interface=com.huarui.provider.service.UsersSerivce&methods=findall&pid=8100&revision=1.0-SNAPSHOT&side=consumer&timestamp=1760707901547 empty://169.254.133.98/com.huarui.provider.service.UsersSerivce?application=my126dubbo01_c&category=routers&default.check=false&dubbo=2.5.3&interface=com.huarui.provider.service.UsersSerivce&methods=findall&pid=8100&revision=1.0-SNAPSHOT&side=consumer&timestamp=1760707901547 dubbo://169.254.133.98:20884/com.huarui.provider.service.UsersSerivce?anyhost=true&application=dubbo12601_p&dubbo=2.5.3&interface=com.huarui.provider.service.UsersSerivce&methods=findall&pid=6980&side=provider&timeout=600000&timestamp=1760705635639, com.huarui.manager.service.TbItemServicr=empty://169.254.133.98:20880/com.huarui.manager.service.TbItemServicr?anyhost=true&application=hrsc126-manager&category=configurators&check=false&dubbo=2.5.3&interface=com.huarui.manager.service.TbItemServicr&methods=testfindall&pid=11840&side=provider&timeout=600000&timestamp=1761224204250}, dubbo version: 2.5.3, current host: 127.0.0.1


[INFO ] 2025-10-23 20:58:25,916 method:org.I0Itec.zkclient.ZkEventThread.run(ZkEventThread.java:64)
Starting ZkClient event thread.


[INFO ] 2025-10-23 20:58:25,932 method:org.apache.zookeeper.Environment.logEnv(Environment.java:100)
Client environment:zookeeper.version=3.4.7-1713338, built on 11/09/2015 04:32 GMT


[INFO ] 2025-10-23 20:58:25,933 method:org.apache.zookeeper.Environment.logEnv(Environment.java:100)
Client environment:host.name=DS-20170427LICE


[INFO ] 2025-10-23 20:58:25,934 method:org.apache.zookeeper.Environment.logEnv(Environment.java:100)
Client environment:java.version=1.8.0_131


[INFO ] 2025-10-23 20:58:25,934 method:org.apache.zookeeper.Environment.logEnv(Environment.java:100)
Client environment:java.vendor=Oracle Corporation


[INFO ] 2025-10-23 20:58:25,935 method:org.apache.zookeeper.Environment.logEnv(Environment.java:100)
Client environment:java.home=C:\Program Files\Java\jdk1.8.0_131\jre


[INFO ] 2025-10-23 20:58:25,935 method:org.apache.zookeeper.Environment.logEnv(Environment.java:100)
Client environment:java.class.path=E:\my126\apache-maven-3.3.9-bin\apache-maven-3.3.9\boot\plexus-classworlds-2.5.2.jar;D:\IntelliJ IDEA 15.0.6\lib\idea_rt.jar


[INFO ] 2025-10-23 20:58:25,935 method:org.apache.zookeeper.Environment.logEnv(Environment.java:100)
Client environment:java.library.path=C:\Program Files\Java\jdk1.8.0_131\bin;C:\Windows\Sun\Java\bin;C:\Windows\system32;C:\Windows;C:\Program Files\Java\jdk1.8.0_131\bin;C:\Program Files\Java\jdk1.8.0_131\jre\bin;C:\ProgramData\Oracle\Java\javapath;C:\oracle\product\10.2.0\db_1\bin;C:\Windows\system32;C:\Windows;C:\Windows\System32\Wbem;F:\工具\androidtool\tools\adt-bundle-windows-x86_64-20140702\sdk\platform-tools;%;YSTEMROOT%\System32\WindowsPowerShell\v1.0\;C:\Program Files\MySQL\MySQL Utilities 1.6\;%MAVEN_HOME%\bin;C:\Program Files\Git\cmd;.


[INFO ] 2025-10-23 20:58:25,936 method:org.apache.zookeeper.Environment.logEnv(Environment.java:100)
Client environment:java.io.tmpdir=C:\Users\ADMINI~1\AppData\Local\Temp\


[INFO ] 2025-10-23 20:58:25,936 method:org.apache.zookeeper.Environment.logEnv(Environment.java:100)
Client environment:java.compiler=<NA>


[INFO ] 2025-10-23 20:58:25,937 method:org.apache.zookeeper.Environment.logEnv(Environment.java:100)
Client environment:os.name=Windows 7


[INFO ] 2025-10-23 20:58:25,937 method:org.apache.zookeeper.Environment.logEnv(Environment.java:100)
Client environment:os.arch=amd64


[INFO ] 2025-10-23 20:58:25,937 method:org.apache.zookeeper.Environment.logEnv(Environment.java:100)
Client environment:os.version=6.1


[INFO ] 2025-10-23 20:58:25,937 method:org.apache.zookeeper.Environment.logEnv(Environment.java:100)
Client environment:user.name=Administrator


[INFO ] 2025-10-23 20:58:25,938 method:org.apache.zookeeper.Environment.logEnv(Environment.java:100)
Client environment:user.home=C:\Users\Administrator


[INFO ] 2025-10-23 20:58:25,938 method:org.apache.zookeeper.Environment.logEnv(Environment.java:100)
Client environment:user.dir=C:\Users\Administrator\Desktop\HRsc\hrsc126_manager_provider


[INFO ] 2025-10-23 20:58:25,940 method:org.apache.zookeeper.ZooKeeper.<init>(ZooKeeper.java:438)
Initiating client connection, connectString=192.168.25.129:2181 sessionTimeout=30000 watcher=org.I0Itec.zkclient.ZkClient@4b12bc62


[INFO ] 2025-10-23 20:58:25,976 method:org.apache.zookeeper.ClientCnxn$SendThread.logStartConnect(ClientCnxn.java:1032)
Opening socket connection to server 192.168.25.129/192.168.25.129:2181. Will not attempt to authenticate using SASL (unknown error)


[INFO ] 2025-10-23 20:58:25,979 method:org.apache.zookeeper.ClientCnxn$SendThread.primeConnection(ClientCnxn.java:876)
Socket connection established to 192.168.25.129/192.168.25.129:2181, initiating session


[INFO ] 2025-10-23 20:58:25,990 method:org.apache.zookeeper.ClientCnxn$SendThread.onConnected(ClientCnxn.java:1299)
Session establishment complete on server 192.168.25.129/192.168.25.129:2181, sessionid = 0x19a12d49d5b0002, negotiated timeout = 30000


[INFO ] 2025-10-23 20:58:25,992 method:org.I0Itec.zkclient.ZkClient.processStateChanged(ZkClient.java:449)
zookeeper state changed (SyncConnected)


[INFO ] 2025-10-23 20:58:25,997 method:com.alibaba.dubbo.registry.support.AbstractRegistry.register(AbstractRegistry.java:302)
 [DUBBO] Register: dubbo://169.254.133.98:20880/com.huarui.manager.service.TbItemServicr?anyhost=true&application=hrsc126-manager&dubbo=2.5.3&interface=com.huarui.manager.service.TbItemServicr&methods=testfindall&pid=11136&side=provider&timeout=600000&timestamp=1761224304700, dubbo version: 2.5.3, current host: 127.0.0.1


[INFO ] 2025-10-23 20:58:26,032 method:com.alibaba.dubbo.registry.support.AbstractRegistry.subscribe(AbstractRegistry.java:325)
 [DUBBO] Subscribe: provider://169.254.133.98:20880/com.huarui.manager.service.TbItemServicr?anyhost=true&application=hrsc126-manager&category=configurators&check=false&dubbo=2.5.3&interface=com.huarui.manager.service.TbItemServicr&methods=testfindall&pid=11136&side=provider&timeout=600000&timestamp=1761224304700, dubbo version: 2.5.3, current host: 127.0.0.1


[INFO ] 2025-10-23 20:58:26,067 method:com.alibaba.dubbo.registry.support.AbstractRegistry.notify(AbstractRegistry.java:422)
 [DUBBO] Notify urls for subscribe url provider://169.254.133.98:20880/com.huarui.manager.service.TbItemServicr?anyhost=true&application=hrsc126-manager&category=configurators&check=false&dubbo=2.5.3&interface=com.huarui.manager.service.TbItemServicr&methods=testfindall&pid=11136&side=provider&timeout=600000&timestamp=1761224304700, urls: [empty://169.254.133.98:20880/com.huarui.manager.service.TbItemServicr?anyhost=true&application=hrsc126-manager&category=configurators&check=false&dubbo=2.5.3&interface=com.huarui.manager.service.TbItemServicr&methods=testfindall&pid=11136&side=provider&timeout=600000&timestamp=1761224304700], dubbo version: 2.5.3, current host: 127.0.0.1


[INFO ] 2025-10-23 20:58:26,125 method:org.springframework.web.context.ContextLoader.initWebApplicationContext(ContextLoader.java:347)
Root WebApplicationContext: initialization completed in 4469 ms


[ERROR] 2025-10-23 21:41:27,726 method:com.alibaba.dubbo.rpc.filter.ExceptionFilter.invoke(ExceptionFilter.java:87)
 [DUBBO] Got unchecked and undeclared exception which called by 169.254.133.98. service: com.huarui.manager.service.TbItemServicr, method: testfindall, exception: org.apache.ibatis.binding.BindingException: Invalid bound statement (not found): com.huarui.manager.mapper.TbItemMapper.selectByExample, dubbo version: 2.5.3, current host: 127.0.0.1
org.apache.ibatis.binding.BindingException: Invalid bound statement (not found): com.huarui.manager.mapper.TbItemMapper.selectByExample
	at org.apache.ibatis.binding.MapperMethod$SqlCommand.<init>(MapperMethod.java:189)
	at org.apache.ibatis.binding.MapperMethod.<init>(MapperMethod.java:43)
	at org.apache.ibatis.binding.MapperProxy.cachedMapperMethod(MapperProxy.java:58)
	at org.apache.ibatis.binding.MapperProxy.invoke(MapperProxy.java:51)
	at com.sun.proxy.$Proxy32.selectByExample(Unknown Source)
	at com.huarui.manager.service.impl.TbItemServiceImpl.testfindall(TbItemServiceImpl.java:25)
	at sun.reflect.NativeMethodAccessorImpl.invoke0(Native Method)
	at sun.reflect.NativeMethodAccessorImpl.invoke(NativeMethodAccessorImpl.java:62)
	at sun.reflect.DelegatingMethodAccessorImpl.invoke(DelegatingMethodAccessorImpl.java:43)
	at java.lang.reflect.Method.invoke(Method.java:498)
	at org.springframework.aop.support.AopUtils.invokeJoinpointUsingReflection(AopUtils.java:302)
	at org.springframework.aop.framework.ReflectiveMethodInvocation.invokeJoinpoint(ReflectiveMethodInvocation.java:190)
	at org.springframework.aop.framework.ReflectiveMethodInvocation.proceed(ReflectiveMethodInvocation.java:157)
	at org.springframework.transaction.interceptor.TransactionInterceptor$1.proceedWithInvocation(TransactionInterceptor.java:99)
	at org.springframework.transaction.interceptor.TransactionAspectSupport.invokeWithinTransaction(TransactionAspectSupport.java:281)
	at org.springframework.transaction.interceptor.TransactionInterceptor.invoke(TransactionInterceptor.java:96)
	at org.springframework.aop.framework.ReflectiveMethodInvocation.proceed(ReflectiveMethodInvocation.java:179)
	at org.springframework.aop.interceptor.ExposeInvocationInterceptor.invoke(ExposeInvocationInterceptor.java:92)
	at org.springframework.aop.framework.ReflectiveMethodInvocation.proceed(ReflectiveMethodInvocation.java:179)
	at org.springframework.aop.framework.JdkDynamicAopProxy.invoke(JdkDynamicAopProxy.java:208)
	at com.sun.proxy.$Proxy35.testfindall(Unknown Source)
	at com.alibaba.dubbo.common.bytecode.Wrapper0.invokeMethod(Wrapper0.java)
	at com.alibaba.dubbo.rpc.proxy.javassist.JavassistProxyFactory$1.doInvoke(JavassistProxyFactory.java:46)
	at com.alibaba.dubbo.rpc.proxy.AbstractProxyInvoker.invoke(AbstractProxyInvoker.java:72)
	at com.alibaba.dubbo.rpc.protocol.InvokerWrapper.invoke(InvokerWrapper.java:53)
	at com.alibaba.dubbo.rpc.filter.ExceptionFilter.invoke(ExceptionFilter.java:64)
	at com.alibaba.dubbo.rpc.protocol.ProtocolFilterWrapper$1.invoke(ProtocolFilterWrapper.java:91)
	at com.alibaba.dubbo.monitor.support.MonitorFilter.invoke(MonitorFilter.java:75)
	at com.alibaba.dubbo.rpc.protocol.ProtocolFilterWrapper$1.invoke(ProtocolFilterWrapper.java:91)
	at com.alibaba.dubbo.rpc.filter.TimeoutFilter.invoke(TimeoutFilter.java:42)
	at com.alibaba.dubbo.rpc.protocol.ProtocolFilterWrapper$1.invoke(ProtocolFilterWrapper.java:91)
	at com.alibaba.dubbo.rpc.protocol.dubbo.filter.TraceFilter.invoke(TraceFilter.java:78)
	at com.alibaba.dubbo.rpc.protocol.ProtocolFilterWrapper$1.invoke(ProtocolFilterWrapper.java:91)
	at com.alibaba.dubbo.rpc.filter.ContextFilter.invoke(ContextFilter.java:60)
	at com.alibaba.dubbo.rpc.protocol.ProtocolFilterWrapper$1.invoke(ProtocolFilterWrapper.java:91)
	at com.alibaba.dubbo.rpc.filter.GenericFilter.invoke(GenericFilter.java:112)
	at com.alibaba.dubbo.rpc.protocol.ProtocolFilterWrapper$1.invoke(ProtocolFilterWrapper.java:91)
	at com.alibaba.dubbo.rpc.filter.ClassLoaderFilter.invoke(ClassLoaderFilter.java:38)
	at com.alibaba.dubbo.rpc.protocol.ProtocolFilterWrapper$1.invoke(ProtocolFilterWrapper.java:91)
	at com.alibaba.dubbo.rpc.filter.EchoFilter.invoke(EchoFilter.java:38)
	at com.alibaba.dubbo.rpc.protocol.ProtocolFilterWrapper$1.invoke(ProtocolFilterWrapper.java:91)
	at com.alibaba.dubbo.rpc.protocol.dubbo.DubboProtocol$1.reply(DubboProtocol.java:108)
	at com.alibaba.dubbo.remoting.exchange.support.header.HeaderExchangeHandler.handleRequest(HeaderExchangeHandler.java:84)
	at com.alibaba.dubbo.remoting.exchange.support.header.HeaderExchangeHandler.received(HeaderExchangeHandler.java:170)
	at com.alibaba.dubbo.remoting.transport.DecodeHandler.received(DecodeHandler.java:52)
	at com.alibaba.dubbo.remoting.transport.dispatcher.ChannelEventRunnable.run(ChannelEventRunnable.java:82)
	at java.util.concurrent.ThreadPoolExecutor.runWorker(ThreadPoolExecutor.java:1142)
	at java.util.concurrent.ThreadPoolExecutor$Worker.run(ThreadPoolExecutor.java:617)
	at java.lang.Thread.run(Thread.java:748)


[INFO ] 2025-10-23 21:51:52,388 method:org.springframework.web.context.ContextLoader.initWebApplicationContext(ContextLoader.java:307)
Root WebApplicationContext: initialization started


[INFO ] 2025-10-23 21:51:56,049 method:org.springframework.context.support.AbstractApplicationContext.prepareRefresh(AbstractApplicationContext.java:578)
Refreshing Root WebApplicationContext: startup date [Thu Oct 23 21:51:56 CST 2025]; root of context hierarchy


[INFO ] 2025-10-23 21:51:56,851 method:org.springframework.beans.factory.xml.XmlBeanDefinitionReader.loadBeanDefinitions(XmlBeanDefinitionReader.java:317)
Loading XML bean definitions from file [C:\Users\Administrator\Desktop\HRsc\hrsc126_manager_provider\hrsc126_manager_service\target\classes\spring\applicationContext-dao.xml]


[INFO ] 2025-10-23 21:52:04,141 method:org.springframework.beans.factory.xml.XmlBeanDefinitionReader.loadBeanDefinitions(XmlBeanDefinitionReader.java:317)
Loading XML bean definitions from file [C:\Users\Administrator\Desktop\HRsc\hrsc126_manager_provider\hrsc126_manager_service\target\classes\spring\applicationContext-service.xml]


[INFO ] 2025-10-23 21:52:04,908 method:
using logger: com.alibaba.dubbo.common.logger.log4j.Log4jLoggerAdapter


[INFO ] 2025-10-23 21:52:04,939 method:org.springframework.beans.factory.xml.XmlBeanDefinitionReader.loadBeanDefinitions(XmlBeanDefinitionReader.java:317)
Loading XML bean definitions from file [C:\Users\Administrator\Desktop\HRsc\hrsc126_manager_provider\hrsc126_manager_service\target\classes\spring\applicationContext-trans.xml]


[INFO ] 2025-10-23 21:52:09,682 method:org.springframework.core.io.support.PropertiesLoaderSupport.loadProperties(PropertiesLoaderSupport.java:172)
Loading properties file from class path resource [conf/db.properties]


[INFO ] 2025-10-23 21:52:09,857 method:org.springframework.beans.factory.annotation.AutowiredAnnotationBeanPostProcessor.<init>(AutowiredAnnotationBeanPostProcessor.java:153)
JSR-330 'javax.inject.Inject' annotation found and supported for autowiring


[INFO ] 2025-10-23 21:52:24,337 method:com.alibaba.dubbo.config.spring.ServiceBean.onApplicationEvent(ServiceBean.java:107)
 [DUBBO] The service ready on spring started. service: com.huarui.manager.service.TbItemServicr, dubbo version: 2.5.3, current host: 127.0.0.1


[INFO ] 2025-10-23 21:52:27,696 method:com.alibaba.dubbo.config.ServiceConfig.exportLocal(ServiceConfig.java:510)
 [DUBBO] Export dubbo service com.huarui.manager.service.TbItemServicr to local registry, dubbo version: 2.5.3, current host: 127.0.0.1


[INFO ] 2025-10-23 21:52:27,697 method:com.alibaba.dubbo.config.ServiceConfig.doExportUrlsFor1Protocol(ServiceConfig.java:470)
 [DUBBO] Export dubbo service com.huarui.manager.service.TbItemServicr to url dubbo://169.254.133.98:20880/com.huarui.manager.service.TbItemServicr?anyhost=true&application=hrsc126-manager&dubbo=2.5.3&interface=com.huarui.manager.service.TbItemServicr&methods=testfindall&pid=9368&side=provider&timeout=600000&timestamp=1761227547571, dubbo version: 2.5.3, current host: 127.0.0.1


[INFO ] 2025-10-23 21:52:27,697 method:com.alibaba.dubbo.config.ServiceConfig.doExportUrlsFor1Protocol(ServiceConfig.java:481)
 [DUBBO] Register dubbo service com.huarui.manager.service.TbItemServicr url dubbo://169.254.133.98:20880/com.huarui.manager.service.TbItemServicr?anyhost=true&application=hrsc126-manager&dubbo=2.5.3&interface=com.huarui.manager.service.TbItemServicr&methods=testfindall&pid=9368&side=provider&timeout=600000&timestamp=1761227547571 to registry registry://192.168.25.129:2181/com.alibaba.dubbo.registry.RegistryService?application=hrsc126-manager&dubbo=2.5.3&pid=9368&registry=zookeeper&timestamp=1761227544346, dubbo version: 2.5.3, current host: 127.0.0.1


[INFO ] 2025-10-23 21:52:31,600 method:com.alibaba.dubbo.remoting.transport.AbstractServer.<init>(AbstractServer.java:69)
 [DUBBO] Start NettyServer bind /0.0.0.0:20880, export /169.254.133.98:20880, dubbo version: 2.5.3, current host: 127.0.0.1


[INFO ] 2025-10-23 21:52:31,916 method:com.alibaba.dubbo.registry.support.AbstractRegistry.loadProperties(AbstractRegistry.java:232)
 [DUBBO] Load registry store file C:\Users\Administrator\.dubbo\dubbo-registry-192.168.25.129.cache, data: {com.huarui.provider.service.UsersSerivce=empty://169.254.133.98/com.huarui.provider.service.UsersSerivce?application=my126dubbo01_c&category=configurators&default.check=false&dubbo=2.5.3&interface=com.huarui.provider.service.UsersSerivce&methods=findall&pid=8100&revision=1.0-SNAPSHOT&side=consumer&timestamp=1760707901547 empty://169.254.133.98/com.huarui.provider.service.UsersSerivce?application=my126dubbo01_c&category=routers&default.check=false&dubbo=2.5.3&interface=com.huarui.provider.service.UsersSerivce&methods=findall&pid=8100&revision=1.0-SNAPSHOT&side=consumer&timestamp=1760707901547 dubbo://169.254.133.98:20884/com.huarui.provider.service.UsersSerivce?anyhost=true&application=dubbo12601_p&dubbo=2.5.3&interface=com.huarui.provider.service.UsersSerivce&methods=findall&pid=6980&side=provider&timeout=600000&timestamp=1760705635639, com.huarui.manager.service.TbItemServicr=empty://169.254.133.98/com.huarui.manager.service.TbItemServicr?application=hrsc126-manager-web&category=configurators&default.check=false&dubbo=2.5.3&interface=com.huarui.manager.service.TbItemServicr&methods=testfindall&pid=12724&revision=1.0-SNAPSHOT&side=consumer&timestamp=1761226467729 empty://169.254.133.98/com.huarui.manager.service.TbItemServicr?application=hrsc126-manager-web&category=routers&default.check=false&dubbo=2.5.3&interface=com.huarui.manager.service.TbItemServicr&methods=testfindall&pid=12724&revision=1.0-SNAPSHOT&side=consumer&timestamp=1761226467729 empty://169.254.133.98/com.huarui.manager.service.TbItemServicr?application=hrsc126-manager-web&category=providers&default.check=false&dubbo=2.5.3&interface=com.huarui.manager.service.TbItemServicr&methods=testfindall&pid=12724&revision=1.0-SNAPSHOT&side=consumer&timestamp=1761226467729}, dubbo version: 2.5.3, current host: 127.0.0.1


[INFO ] 2025-10-23 21:52:32,449 method:org.I0Itec.zkclient.ZkEventThread.run(ZkEventThread.java:64)
Starting ZkClient event thread.


[INFO ] 2025-10-23 21:52:32,465 method:org.apache.zookeeper.Environment.logEnv(Environment.java:100)
Client environment:zookeeper.version=3.4.7-1713338, built on 11/09/2015 04:32 GMT


[INFO ] 2025-10-23 21:52:32,467 method:org.apache.zookeeper.Environment.logEnv(Environment.java:100)
Client environment:host.name=DS-20170427LICE


[INFO ] 2025-10-23 21:52:32,468 method:org.apache.zookeeper.Environment.logEnv(Environment.java:100)
Client environment:java.version=1.8.0_131


[INFO ] 2025-10-23 21:52:32,468 method:org.apache.zookeeper.Environment.logEnv(Environment.java:100)
Client environment:java.vendor=Oracle Corporation


[INFO ] 2025-10-23 21:52:32,469 method:org.apache.zookeeper.Environment.logEnv(Environment.java:100)
Client environment:java.home=C:\Program Files\Java\jdk1.8.0_131\jre


[INFO ] 2025-10-23 21:52:32,469 method:org.apache.zookeeper.Environment.logEnv(Environment.java:100)
Client environment:java.class.path=E:\my126\apache-maven-3.3.9-bin\apache-maven-3.3.9\boot\plexus-classworlds-2.5.2.jar;D:\IntelliJ IDEA 15.0.6\lib\idea_rt.jar


[INFO ] 2025-10-23 21:52:32,469 method:org.apache.zookeeper.Environment.logEnv(Environment.java:100)
Client environment:java.library.path=C:\Program Files\Java\jdk1.8.0_131\bin;C:\Windows\Sun\Java\bin;C:\Windows\system32;C:\Windows;C:\Program Files\Java\jdk1.8.0_131\bin;C:\Program Files\Java\jdk1.8.0_131\jre\bin;C:\ProgramData\Oracle\Java\javapath;C:\oracle\product\10.2.0\db_1\bin;C:\Windows\system32;C:\Windows;C:\Windows\System32\Wbem;F:\工具\androidtool\tools\adt-bundle-windows-x86_64-20140702\sdk\platform-tools;%;YSTEMROOT%\System32\WindowsPowerShell\v1.0\;C:\Program Files\MySQL\MySQL Utilities 1.6\;%MAVEN_HOME%\bin;C:\Program Files\Git\cmd;.


[INFO ] 2025-10-23 21:52:32,469 method:org.apache.zookeeper.Environment.logEnv(Environment.java:100)
Client environment:java.io.tmpdir=C:\Users\ADMINI~1\AppData\Local\Temp\


[INFO ] 2025-10-23 21:52:32,470 method:org.apache.zookeeper.Environment.logEnv(Environment.java:100)
Client environment:java.compiler=<NA>


[INFO ] 2025-10-23 21:52:32,470 method:org.apache.zookeeper.Environment.logEnv(Environment.java:100)
Client environment:os.name=Windows 7


[INFO ] 2025-10-23 21:52:32,470 method:org.apache.zookeeper.Environment.logEnv(Environment.java:100)
Client environment:os.arch=amd64


[INFO ] 2025-10-23 21:52:32,471 method:org.apache.zookeeper.Environment.logEnv(Environment.java:100)
Client environment:os.version=6.1


[INFO ] 2025-10-23 21:52:32,471 method:org.apache.zookeeper.Environment.logEnv(Environment.java:100)
Client environment:user.name=Administrator


[INFO ] 2025-10-23 21:52:32,471 method:org.apache.zookeeper.Environment.logEnv(Environment.java:100)
Client environment:user.home=C:\Users\Administrator


[INFO ] 2025-10-23 21:52:32,471 method:org.apache.zookeeper.Environment.logEnv(Environment.java:100)
Client environment:user.dir=C:\Users\Administrator\Desktop\HRsc\hrsc126_manager_provider


[INFO ] 2025-10-23 21:52:32,473 method:org.apache.zookeeper.ZooKeeper.<init>(ZooKeeper.java:438)
Initiating client connection, connectString=192.168.25.129:2181 sessionTimeout=30000 watcher=org.I0Itec.zkclient.ZkClient@1d5d3815


[INFO ] 2025-10-23 21:52:32,628 method:org.apache.zookeeper.ClientCnxn$SendThread.logStartConnect(ClientCnxn.java:1032)
Opening socket connection to server 192.168.25.129/192.168.25.129:2181. Will not attempt to authenticate using SASL (unknown error)


[INFO ] 2025-10-23 21:52:32,631 method:org.apache.zookeeper.ClientCnxn$SendThread.primeConnection(ClientCnxn.java:876)
Socket connection established to 192.168.25.129/192.168.25.129:2181, initiating session


[INFO ] 2025-10-23 21:52:34,394 method:org.apache.zookeeper.ClientCnxn$SendThread.onConnected(ClientCnxn.java:1299)
Session establishment complete on server 192.168.25.129/192.168.25.129:2181, sessionid = 0x19a12d49d5b0004, negotiated timeout = 30000


[INFO ] 2025-10-23 21:52:34,398 method:org.I0Itec.zkclient.ZkClient.processStateChanged(ZkClient.java:449)
zookeeper state changed (SyncConnected)


[INFO ] 2025-10-23 21:52:34,404 method:com.alibaba.dubbo.registry.support.AbstractRegistry.register(AbstractRegistry.java:302)
 [DUBBO] Register: dubbo://169.254.133.98:20880/com.huarui.manager.service.TbItemServicr?anyhost=true&application=hrsc126-manager&dubbo=2.5.3&interface=com.huarui.manager.service.TbItemServicr&methods=testfindall&pid=9368&side=provider&timeout=600000&timestamp=1761227547571, dubbo version: 2.5.3, current host: 127.0.0.1


[INFO ] 2025-10-23 21:52:34,951 method:com.alibaba.dubbo.registry.support.AbstractRegistry.subscribe(AbstractRegistry.java:325)
 [DUBBO] Subscribe: provider://169.254.133.98:20880/com.huarui.manager.service.TbItemServicr?anyhost=true&application=hrsc126-manager&category=configurators&check=false&dubbo=2.5.3&interface=com.huarui.manager.service.TbItemServicr&methods=testfindall&pid=9368&side=provider&timeout=600000&timestamp=1761227547571, dubbo version: 2.5.3, current host: 127.0.0.1


[INFO ] 2025-10-23 21:52:36,620 method:com.alibaba.dubbo.registry.support.AbstractRegistry.notify(AbstractRegistry.java:422)
 [DUBBO] Notify urls for subscribe url provider://169.254.133.98:20880/com.huarui.manager.service.TbItemServicr?anyhost=true&application=hrsc126-manager&category=configurators&check=false&dubbo=2.5.3&interface=com.huarui.manager.service.TbItemServicr&methods=testfindall&pid=9368&side=provider&timeout=600000&timestamp=1761227547571, urls: [empty://169.254.133.98:20880/com.huarui.manager.service.TbItemServicr?anyhost=true&application=hrsc126-manager&category=configurators&check=false&dubbo=2.5.3&interface=com.huarui.manager.service.TbItemServicr&methods=testfindall&pid=9368&side=provider&timeout=600000&timestamp=1761227547571], dubbo version: 2.5.3, current host: 127.0.0.1


[INFO ] 2025-10-23 21:52:36,652 method:org.springframework.web.context.ContextLoader.initWebApplicationContext(ContextLoader.java:347)
Root WebApplicationContext: initialization completed in 44046 ms


[INFO ] 2025-10-23 21:53:31,519 method:com.alibaba.druid.pool.DruidDataSource.init(DruidDataSource.java:655)
{dataSource-1} inited


[WARN ] 2025-10-23 21:56:22,633 method:com.alibaba.dubbo.remoting.transport.AbstractServer.disconnected(AbstractServer.java:197)
 [DUBBO] All clients has discontected from /169.254.133.98:20880. You can graceful shutdown now., dubbo version: 2.5.3, current host: 127.0.0.1


[INFO ] 2025-10-23 21:56:22,635 method:com.alibaba.dubbo.rpc.protocol.dubbo.DubboProtocol$1.disconnected(DubboProtocol.java:130)
 [DUBBO] disconected from /169.254.133.98:62532,url:dubbo://169.254.133.98:20880/com.huarui.manager.service.TbItemServicr?anyhost=true&application=hrsc126-manager&channel.readonly.sent=true&codec=dubbo&dubbo=2.5.3&heartbeat=60000&interface=com.huarui.manager.service.TbItemServicr&methods=testfindall&pid=9368&side=provider&timeout=600000&timestamp=1761227547571, dubbo version: 2.5.3, current host: 127.0.0.1
